\BOOKMARK [1][-]{section.1}{\376\377\000I\000n\000t\000r\000o\000d\000u\000c\000t\000i\000o\000n}{}% 1
\BOOKMARK [1][-]{section.2}{\376\377\000D\000a\000t\000a\000s\000e\000t\000s}{}% 2
\BOOKMARK [2][-]{subsection.2.1}{\376\377\000A\000r\000t\000i\000s\000t\000\040\000N\000a\000t\000i\000o\000n\000a\000l\000i\000t\000y\000\040\000E\000n\000r\000i\000c\000h\000m\000e\000n\000t}{section.2}% 3
\BOOKMARK [2][-]{subsection.2.2}{\376\377\000A\000g\000g\000i\000u\000n\000t\000a\000\040\000d\000e\000l\000\040\000g\000e\000n\000e\000r\000e\000\040\000a\000r\000t\000i\000s\000t\000i\000c\000o}{section.2}% 4
\BOOKMARK [1][-]{section.3}{\376\377\000V\000a\000l\000i\000d\000i\000t\000y\000\040\000a\000n\000d\000\040\000R\000e\000l\000i\000a\000b\000i\000l\000i\000t\000y}{}% 5
\BOOKMARK [1][-]{section.4}{\376\377\000M\000i\000s\000u\000r\000e\000\040\000e\000\040\000R\000i\000s\000u\000l\000t\000a\000t\000i}{}% 6
\BOOKMARK [2][-]{subsection.4.1}{\376\377\000A\000n\000a\000l\000i\000s\000i\000\040\000g\000e\000n\000e\000r\000a\000l\000e\000\040\000d\000e\000l\000l\000a\000\040\000r\000e\000t\000e\000\040\000d\000i\000\040\000c\000o\000l\000l\000a\000b\000o\000r\000a\000z\000i\000o\000n\000i\000\040\000m\000u\000s\000i\000c\000a\000l\000i\000\040\000i\000t\000a\000l\000i\000a\000n\000e}{section.4}% 7
\BOOKMARK [2][-]{subsection.4.2}{\376\377\000A\000n\000a\000l\000i\000s\000i\000\040\000C\000o\000m\000p\000a\000r\000a\000t\000i\000v\000a\000\040\000c\000o\000n\000\040\000i\000\040\000P\000r\000i\000n\000c\000i\000p\000a\000l\000i\000\040\000P\000a\000e\000s\000i\000\040\000E\000u\000r\000o\000p\000e\000i}{section.4}% 8
\BOOKMARK [3][-]{subsubsection.4.2.1}{\376\377\000A\000n\000a\000l\000i\000s\000i\000\040\000M\000u\000l\000t\000i\000d\000i\000m\000e\000n\000s\000i\000o\000n\000a\000l\000e\000\040\000e\000\040\000I\000n\000t\000e\000r\000p\000r\000e\000t\000a\000z\000i\000o\000n\000e\000\040\000d\000e\000i\000\040\000P\000a\000t\000t\000e\000r\000n\000\040\000E\000u\000r\000o\000p\000e\000i}{subsection.4.2}% 9
\BOOKMARK [3][-]{subsubsection.4.2.2}{\376\377\000R\000e\000l\000a\000z\000i\000o\000n\000e\000\040\000S\000t\000r\000u\000t\000t\000u\000r\000a\000l\000e\000\040\000t\000r\000a\000\040\000A\000r\000t\000i\000s\000t\000i\000\040\000e\000\040\000C\000o\000l\000l\000a\000b\000o\000r\000a\000z\000i\000o\000n\000i}{subsection.4.2}% 10
\BOOKMARK [2][-]{subsection.4.3}{\376\377\000A\000n\000a\000l\000i\000s\000i\000\040\000C\000o\000m\000p\000a\000r\000a\000t\000i\000v\000a\000\040\000c\000o\000n\000\040\000i\000\040\000P\000r\000i\000n\000c\000i\000p\000a\000l\000i\000\040\000P\000a\000e\000s\000i\000\040\000N\000o\000n\000-\000E\000u\000r\000o\000p\000e\000i}{section.4}% 11
\BOOKMARK [3][-]{subsubsection.4.3.1}{\376\377\000D\000e\000n\000s\000i\000t\000\340\000\040\000e\000\040\000f\000r\000a\000m\000m\000e\000n\000t\000a\000z\000i\000o\000n\000e}{subsection.4.3}% 12
\BOOKMARK [3][-]{subsubsection.4.3.2}{\376\377\000C\000l\000u\000s\000t\000e\000r\000i\000n\000g\000\040\000e\000\040\000c\000o\000e\000s\000i\000o\000n\000e\000\040\000L\000o\000c\000a\000l\000e}{subsection.4.3}% 13
\BOOKMARK [2][-]{subsection.4.4}{\376\377\000N\000o\000d\000e\000s}{section.4}% 14
\BOOKMARK [3][-]{subsubsection.4.4.1}{\376\377\000M\000i\000s\000u\000r\000e\000\040\000d\000i\000\040\000c\000e\000n\000t\000r\000a\000l\000i\000t\000\340}{subsection.4.4}% 15
\BOOKMARK [3][-]{subsubsection.4.4.2}{\376\377\000A\000s\000s\000o\000r\000t\000a\000t\000i\000v\000i\000t\000\340}{subsection.4.4}% 16
\BOOKMARK [2][-]{subsection.4.5}{\376\377\000N\000e\000t\000w\000o\000r\000k}{section.4}% 17
\BOOKMARK [3][-]{subsubsection.4.5.1}{\376\377\000C\000o\000m\000m\000u\000n\000i\000t\000y\000\040\000D\000e\000t\000e\000c\000t\000i\000o\000n}{subsection.4.5}% 18
\BOOKMARK [3][-]{subsubsection.4.5.2}{\376\377\000D\000e\000g\000r\000e\000e\000\040\000D\000i\000s\000t\000r\000i\000b\000u\000t\000i\000o\000n}{subsection.4.5}% 19
\BOOKMARK [1][-]{section.5}{\376\377\000C\000o\000n\000c\000l\000u\000s\000i\000o\000n}{}% 20
\BOOKMARK [1][-]{section.6}{\376\377\000C\000r\000i\000t\000i\000q\000u\000e}{}% 21
